 Pflotran 1.8sv12
 Pflotran was compiled on: Oct 24 2025 09:58:14            
 RESERVOIR_DEFAULTS option has been selected
 Pflotran card:: DIMENS                          
 Pflotran card:: TOPS                            
 Pflotran card:: DX                              
 Pflotran card:: DY                              
 Pflotran card:: DZ                              
 Pflotran card:: PERMX                           
 Pflotran card:: PERMY                           
 Pflotran card:: PERMZ                           
 Pflotran card:: PORO                            
 Calculating pore volumes
 Calculating connections
 Ncell=       44800  Nact=       44800  Nconn=      130308  Nflt=           0  Npo=           0
 Reading SUBSURFACE cards:
 Pflotran card:: GRID
 Pflotran card:: TIME
 Pflotran card:: OUTPUT
 Pflotran card:: MATERIAL_PROPERTY
   Name :: formation
 Pflotran card:: FLUID_PROPERTY
 Pflotran card:: CHARACTERISTIC_CURVES
   Name :: ch1
 Pflotran card:: EOS
 "EOS,WATER,REFERENCE_DENSITY units" set to default value.
 Pflotran card:: EOS
 "EOS,GAS,FORMULA_WEIGHT units" set to default value.
 Pflotran card:: EOS
 Reading database = co2_dbase.dat
 Pflotran card:: WELL_DATA
 injs1
 Pflotran card:: WELL_DATA
 injs2
 Pflotran card:: WELL_DATA
 injs3
 Pflotran card:: WELL_DATA
 injs4
 Pflotran card:: WELL_DATA
 prod1
 Pflotran card:: WELL_DATA
 prod2
 Pflotran card:: WELL_DATA
 prod3
 Pflotran card:: WELL_DATA
 prod4
 Pflotran card:: EQUILIBRATION
 
 Pflotran card:: END_SUBSURFACE
 Extent of Gridded Domain
  X: 50.000 - 6350.000
  Y: 50.000 - 2750.000
  Z: -2990.00 - -2510.00
 Created default Region all.
 Requested processors = 1
 Degrees of freedom per cell= 4, number of phases = 2
Step   time     tstep    fopt     fopr     fwpr     fgspr    fwir     fgsir    fwct     fgsor    fpav     NL LI Ch
       days     days     ksm3     sm3/d    sm3/d    ksm3/d   sm3/d    ksm3/d            ksm3/sm3 Bar
------ -------- -------- -------- -------- -------- -------- -------- -------- -------- -------- -------- -- -- --
     1      1.0    1.000      0.0      0.0    0.470  4.800E4      0.0      0.0    1.000      0.0  311.783 14  5  0
     2      1.8    0.813      0.0      0.0    2.853  4.800E4      0.0      0.0    1.000      0.0  311.527  4  6  0
     3      3.2    1.366      0.0      0.0   57.558  4.800E4      0.0      0.0    1.000      0.0  311.064  5  5  0
     4      5.9    2.680      0.0      0.0  277.081  4.800E4      0.0      0.0    1.000      0.0  310.072  5  6  0
     5     10.9    5.069      0.0      0.0 1710.741  4.800E4      0.0      0.0    1.000      0.0  308.042  6  8  0
     6     20.1    9.125      0.0      0.0 6743.532  4.800E4      0.0      0.0    1.000      0.0  304.137 13  7  0
     7     29.2    9.125      0.0      0.0  1.111E4  4.800E4      0.0      0.0    1.000      0.0  300.102  9  7  0
     8     40.1   10.950      0.0      0.0  1.323E4  4.800E4      0.0      0.0    1.000      0.0  295.191  6  8  0
     9     59.8   19.710      0.0      0.0  1.429E4  4.701E4      0.0      0.0    1.000      0.0  286.498 12  9  0
    10     79.5   19.710      0.0      0.0  1.463E4  4.615E4      0.0      0.0    1.000      0.0  278.096 11  8  0
    11     99.3   19.710      0.0      0.0  1.475E4  4.551E4      0.0      0.0    1.000      0.0  269.929 13  8  0
    12    119.0   19.710      0.0      0.0  1.489E4  4.499E4      0.0      0.0    1.000      0.0  262.090 12  8  0
    13    138.7   19.710      0.0      0.0  1.519E4  4.454E4      0.0      0.0    1.000      0.0  254.598  8  9  0
    14    166.3   27.594      0.0      0.0  1.593E4  4.401E4      0.0      0.0    1.000      0.0  244.705 13 10  0
    15    193.9   27.594      0.0      0.0  1.675E4  4.353E4      0.0      0.0    1.000      0.0  235.309 11  9  0
    16    221.5   27.594      0.0      0.0  1.731E4  4.293E4      0.0      0.0    1.000      0.0  226.642 12  8  0
    17    249.1   27.594      0.0      0.0  1.737E4  4.151E4      0.0      0.0    1.000      0.0  218.732  6 10  0
    18    298.7   49.669      0.0      0.0  1.695E4  3.824E4      0.0      0.0    1.000      0.0  206.374 13 10  0
    19    348.4   49.669      0.0      0.0  1.671E4  3.560E4      0.0      0.0    1.000      0.0  195.724 13 10  0
    20    398.1   49.669      0.0      0.0  1.546E4  3.206E4      0.0      0.0    1.000      0.0  186.853 13  9  0
Step   time     tstep    fopt     fopr     fwpr     fgspr    fwir     fgsir    fwct     fgsor    fpav     NL LI Ch
       days     days     ksm3     sm3/d    sm3/d    ksm3/d   sm3/d    ksm3/d            ksm3/sm3 Bar
------ -------- -------- -------- -------- -------- -------- -------- -------- -------- -------- -------- -- -- --
    21    447.7   49.669      0.0      0.0  1.455E4  2.934E4      0.0      0.0    1.000      0.0  179.156 10  8  0
    22    497.4   49.669      0.0      0.0  1.378E4  2.712E4      0.0      0.0    1.000      0.0  172.499  7  9  0
    23    557.4   60.000      0.0      0.0  1.297E4  2.490E4      0.0      0.0    1.000      0.0  165.861  7  9  0
    24    617.4   60.000      0.0      0.0  1.227E4  2.302E4      0.0      0.0    1.000      0.0  160.210  7  9  0
    25    677.4   60.000      0.0      0.0  1.165E4  2.139E4      0.0      0.0    1.000      0.0  155.296  7  8  0
    26    737.4   60.000      0.0      0.0  1.110E4  1.996E4      0.0      0.0    1.000      0.0  151.002  6  8  0
    27    797.4   60.000      0.0      0.0  1.059E4  1.869E4      0.0      0.0    1.000      0.0  147.010  5  9  0
    28    857.4   60.000      0.0      0.0  1.012E4  1.756E4      0.0      0.0    1.000      0.0  143.266  5  9  0
    29    917.4   60.000      0.0      0.0 9688.980  1.653E4      0.0      0.0    1.000      0.0  139.745  5  9  0
    30    977.4   60.000      0.0      0.0 9283.391  1.560E4      0.0      0.0    1.000      0.0  136.430  5  9  0
    31   1037.4   60.000      0.0      0.0 8892.527  1.473E4      0.0      0.0    1.000      0.0  133.306  5  8  0
    32   1097.4   60.000      0.0      0.0 8517.339  1.392E4      0.0      0.0    1.000      0.0  130.357  6  9  0
    33   1157.4   60.000      0.0      0.0 8160.514  1.314E4      0.0      0.0    1.000      0.0  127.574  5  9  0
    34   1217.4   60.000      0.0      0.0 7822.812  1.241E4      0.0      0.0    1.000      0.0  124.946  5  9  0
    35   1277.4   60.000      0.0      0.0 7504.720  1.173E4      0.0      0.0    1.000      0.0  122.461  6  9  0
    36   1337.4   60.000      0.0      0.0 7207.873  1.111E4      0.0      0.0    1.000      0.0  120.107  5  9  0
    37   1397.4   60.000      0.0      0.0 6923.495  1.055E4      0.0      0.0    1.000      0.0  117.874  6  9  0
    38   1457.4   60.000      0.0      0.0 6650.345  1.004E4      0.0      0.0    1.000      0.0  115.748  6  9  0
    39   1517.4   60.000      0.0      0.0 6389.393 9576.083      0.0      0.0    1.000      0.0  113.722  4  9  0
    40   1577.4   60.000      0.0      0.0 6139.969 9142.011      0.0      0.0    1.000      0.0  111.788  5  8  0
Step   time     tstep    fopt     fopr     fwpr     fgspr    fwir     fgsir    fwct     fgsor    fpav     NL LI Ch
       days     days     ksm3     sm3/d    sm3/d    ksm3/d   sm3/d    ksm3/d            ksm3/sm3 Bar
------ -------- -------- -------- -------- -------- -------- -------- -------- -------- -------- -------- -- -- --
    41   1637.4   60.000      0.0      0.0 5900.880 8736.158      0.0      0.0    1.000      0.0  109.941  4  9  0
    42   1697.4   60.000      0.0      0.0 5671.635 8356.524      0.0      0.0    1.000      0.0  108.175  5  8  0
    43   1757.4   60.000      0.0      0.0 5452.505 7999.765      0.0      0.0    1.000      0.0  106.484  5  8  0
    44   1817.4   60.000      0.0      0.0 5243.031 7664.385      0.0      0.0    1.000      0.0  104.865  6  8  0
    45   1826.0    8.601      0.0      0.0 5213.175 7617.020      0.0      0.0    1.000      0.0  104.635  3  6  0
    46   1886.0   60.000      0.0      0.0 5013.438 7304.923      0.0      0.0    1.000      0.0  103.092  4  9  0
    47   1946.0   60.000      0.0      0.0 4822.005 7008.844      0.0      0.0    1.000      0.0  101.612  5  9  0
    48   2006.0   60.000      0.0      0.0 4638.848 6727.851      0.0      0.0    1.000      0.0  100.193  4  9  0
    49   2066.0   60.000      0.0      0.0 4461.873 6461.140      0.0      0.0    1.000      0.0   98.831  4  8  0
    50   2126.0   60.000      0.0      0.0 4291.390 6207.699      0.0      0.0    1.000      0.0   97.523  4  8  0
    51   2186.0   60.000      0.0      0.0 4128.033 5966.711      0.0      0.0    1.000      0.0   96.267  4  9  0
    52   2246.0   60.000      0.0      0.0 3972.702 5737.794      0.0      0.0    1.000      0.0   95.060 10  6  0
    53   2306.0   60.000      0.0      0.0 3824.076 5520.626      0.0      0.0    1.000      0.0   93.898  4  8  0
    54   2366.0   60.000      0.0      0.0 3681.116 5313.004      0.0      0.0    1.000      0.0   92.780  9  7  0
    55   2426.0   60.000      0.0      0.0 3542.431 5115.243      0.0      0.0    1.000      0.0   91.704  5  7  0
    56   2486.0   60.000      0.0      0.0 3409.934 4926.726      0.0      0.0    1.000      0.0   90.669  6  7  0
    57   2546.0   60.000      0.0      0.0 3284.039 4749.425      0.0      0.0    1.000      0.0   89.672  6  8  0
    58   2606.0   60.000      0.0      0.0 3162.121 4580.978      0.0      0.0    1.000      0.0   88.710  5  7  0
    59   2666.0   60.000      0.0      0.0 3043.494 4420.071      0.0      0.0    1.000      0.0   87.783  4  8  0
    60   2726.0   60.000      0.0      0.0 2928.157 4266.192      0.0      0.0    1.000      0.0   86.886  5  8  0
Step   time     tstep    fopt     fopr     fwpr     fgspr    fwir     fgsir    fwct     fgsor    fpav     NL LI Ch
       days     days     ksm3     sm3/d    sm3/d    ksm3/d   sm3/d    ksm3/d            ksm3/sm3 Bar
------ -------- -------- -------- -------- -------- -------- -------- -------- -------- -------- -------- -- -- --
    61   2786.0   60.000      0.0      0.0 2816.864 4118.866      0.0      0.0    1.000      0.0   86.018  5  7  0
    62   2846.0   60.000      0.0      0.0 2709.750 3978.395      0.0      0.0    1.000      0.0   85.179  5  8  0
    63   2906.0   60.000      0.0      0.0 2605.876 3843.776      0.0      0.0    1.000      0.0   84.369  4  9  0
    64   2966.0   60.000      0.0      0.0 2505.924 3714.667      0.0      0.0    1.000      0.0   83.587  5  7  0
    65   3026.0   60.000      0.0      0.0 2409.643 3590.896      0.0      0.0    1.000      0.0   82.832  6  7  0
    66   3086.0   60.000      0.0      0.0 2317.183 3472.259      0.0      0.0    1.000      0.0   82.102  5  8  0
    67   3146.0   60.000      0.0      0.0 2228.523 3358.196      0.0      0.0    1.000      0.0   81.397  4  9  0
    68   3206.0   60.000      0.0      0.0 2144.506 3248.551      0.0      0.0    1.000      0.0   80.715  4  9  0
    69   3266.0   60.000      0.0      0.0 2063.977 3143.315      0.0      0.0    1.000      0.0   80.055  4  9  0
    70   3326.0   60.000      0.0      0.0 1985.856 3042.406      0.0      0.0    1.000      0.0   79.415  3  8  0
    71   3386.0   60.000      0.0      0.0 1909.871 2945.271      0.0      0.0    1.000      0.0   78.795  4  9  0
    72   3446.0   60.000      0.0      0.0 1836.040 2851.794      0.0      0.0    1.000      0.0   78.194  4  8  0
    73   3506.0   60.000      0.0      0.0 1764.444 2761.807      0.0      0.0    1.000      0.0   77.612  4  8  0
    74   3566.0   60.000      0.0      0.0 1695.358 2675.210      0.0      0.0    1.000      0.0   77.047  4  7  0
    75   3626.0   60.000      0.0      0.0 1628.456 2591.696      0.0      0.0    1.000      0.0   76.500  4  8  0
    76   3652.0   26.000      0.0      0.0 1599.933 2556.039      0.0      0.0    1.000      0.0   76.266  3  6  0
    77   3712.0   60.000      0.0      0.0 1536.342 2476.457      0.0      0.0    1.000      0.0   75.743  4  8  0
    78   3772.0   60.000      0.0      0.0 1475.077 2399.423      0.0      0.0    1.000      0.0   75.235  4  9  0
    79   3832.0   60.000      0.0      0.0 1416.079 2324.746      0.0      0.0    1.000      0.0   74.741  4  9  0
    80   3892.0   60.000      0.0      0.0 1359.353 2252.568      0.0      0.0    1.000      0.0   74.261  4  8  0
Step   time     tstep    fopt     fopr     fwpr     fgspr    fwir     fgsir    fwct     fgsor    fpav     NL LI Ch
       days     days     ksm3     sm3/d    sm3/d    ksm3/d   sm3/d    ksm3/d            ksm3/sm3 Bar
------ -------- -------- -------- -------- -------- -------- -------- -------- -------- -------- -------- -- -- --
    81   3952.0   60.000      0.0      0.0 1304.441 2183.101      0.0      0.0    1.000      0.0   73.793  4  8  0
    82   4012.0   60.000      0.0      0.0 1251.163 2116.129      0.0      0.0    1.000      0.0   73.340  5  7  0
    83   4072.0   60.000      0.0      0.0 1199.445 2051.559      0.0      0.0    1.000      0.0   72.901  4  8  0
    84   4132.0   60.000      0.0      0.0 1149.318 1989.222      0.0      0.0    1.000      0.0   72.476  3  8  0
    85   4192.0   60.000      0.0      0.0 1100.838 1928.995      0.0      0.0    1.000      0.0   72.065  3  8  0
    86   4252.0   60.000      0.0      0.0 1053.782 1871.140      0.0      0.0    1.000      0.0   71.667  4  8  0
    87   4312.0   60.000      0.0      0.0 1007.913 1816.155      0.0      0.0    1.000      0.0   71.280  3  8  0
    88   4372.0   60.000      0.0      0.0  963.372 1762.853      0.0      0.0    1.000      0.0   70.905  3  8  0
    89   4432.0   60.000      0.0      0.0  920.510 1711.203      0.0      0.0    1.000      0.0   70.542  3  8  0
    90   4492.0   60.000      0.0      0.0  879.319 1661.181      0.0      0.0    1.000      0.0   70.190  4  8  0
    91   4552.0   60.000      0.0      0.0  839.731 1612.698      0.0      0.0    1.000      0.0   69.849  4  8  0
    92   4612.0   60.000      0.0      0.0  801.750 1565.592      0.0      0.0    1.000      0.0   69.518  5  8  0
    93   4672.0   60.000      0.0      0.0  765.316 1519.894      0.0      0.0    1.000      0.0   69.198  4  8  0
    94   4732.0   60.000      0.0      0.0  730.350 1475.571      0.0      0.0    1.000      0.0   68.887  4  7  0
    95   4792.0   60.000      0.0      0.0  696.674 1432.587      0.0      0.0    1.000      0.0   68.585  3  7  0
    96   4852.0   60.000      0.0      0.0  664.014 1390.950      0.0      0.0    1.000      0.0   68.292  4  8  0
    97   4912.0   60.000      0.0      0.0  632.471 1350.710      0.0      0.0    1.000      0.0   68.008  4  7  0
    98   4972.0   60.000      0.0      0.0  602.024 1311.898      0.0      0.0    1.000      0.0   67.732  4  7  0
    99   5032.0   60.000      0.0      0.0  572.538 1274.286      0.0      0.0    1.000      0.0   67.465  3  7  0
   100   5092.0   60.000      0.0      0.0  544.028 1237.797      0.0      0.0    1.000      0.0   67.205  3  7  0
Step   time     tstep    fopt     fopr     fwpr     fgspr    fwir     fgsir    fwct     fgsor    fpav     NL LI Ch
       days     days     ksm3     sm3/d    sm3/d    ksm3/d   sm3/d    ksm3/d            ksm3/sm3 Bar
------ -------- -------- -------- -------- -------- -------- -------- -------- -------- -------- -------- -- -- --
   101   5152.0   60.000      0.0      0.0  516.463 1202.399      0.0      0.0    1.000      0.0   66.953  4  7  0
   102   5212.0   60.000      0.0      0.0  489.932 1168.084      0.0      0.0    1.000      0.0   66.709  4  7  0
   103   5272.0   60.000      0.0      0.0  464.439 1134.869      0.0      0.0    1.000      0.0   66.472  4  7  0
   104   5332.0   60.000      0.0      0.0  440.043 1102.755      0.0      0.0    1.000      0.0   66.242  3  7  0
   105   5392.0   60.000      0.0      0.0  416.795 1072.094      0.0      0.0    1.000      0.0   66.018  3  7  0
   106   5452.0   60.000      0.0      0.0  394.733 1042.647      0.0      0.0    1.000      0.0   65.802  3  7  0
   107   5479.0   27.000      0.0      0.0  385.642 1029.737      0.0      0.0    1.000      0.0   65.706  3  7  0
   108   5486.5    7.500      0.0      0.0      0.0      0.0      0.0  2.000E4      0.0      0.0   65.864 14  5  3
   109   5494.0    7.500      0.0      0.0      0.0      0.0      0.0  2.000E4      0.0      0.0   66.070  4  5  0
   110   5501.5    7.500      0.0      0.0      0.0      0.0      0.0  2.000E4      0.0      0.0   66.315  4  6  0
   111   5509.0    7.500      0.0      0.0      0.0      0.0      0.0  2.000E4      0.0      0.0   66.587  6  5  0
   112   5516.5    7.500      0.0      0.0      0.0      0.0      0.0  2.000E4      0.0      0.0   66.877  4  6  0
   113   5524.0    7.500      0.0      0.0      0.0      0.0      0.0  2.000E4      0.0      0.0   67.178  4  6  0
   114   5539.0   15.000      0.0      0.0      0.0      0.0      0.0  2.000E4      0.0      0.0   67.800  6  6  0
   115   5566.0   27.000      0.0      0.0      0.0      0.0      0.0  2.000E4      0.0      0.0   68.918  6  8  0
   116   5614.6   48.600      0.0      0.0      0.0      0.0      0.0  2.000E4      0.0      0.0   70.905  5  9  0
   117   5674.6   60.000      0.0      0.0      0.0      0.0      0.0  2.000E4      0.0      0.0   73.340  6  9  0
   118   5734.6   60.000      0.0      0.0      0.0      0.0      0.0  2.000E4      0.0      0.0   75.754  6 10  0
   119   5794.6   60.000      0.0      0.0      0.0      0.0      0.0  2.000E4      0.0      0.0   78.144  8 12  0
   120   5824.6   30.000      0.0      0.0      0.0      0.0      0.0  2.000E4      0.0      0.0   79.327 13 10  1
Step   time     tstep    fopt     fopr     fwpr     fgspr    fwir     fgsir    fwct     fgsor    fpav     NL LI Ch
       days     days     ksm3     sm3/d    sm3/d    ksm3/d   sm3/d    ksm3/d            ksm3/sm3 Bar
------ -------- -------- -------- -------- -------- -------- -------- -------- -------- -------- -------- -- -- --
   121   5854.6   30.000      0.0      0.0      0.0      0.0      0.0  2.000E4      0.0      0.0   80.504 13  9  0
   122   5884.6   30.000      0.0      0.0      0.0      0.0      0.0  2.000E4      0.0      0.0   81.675  5  9  0
   123   5914.6   30.000      0.0      0.0      0.0      0.0      0.0  2.000E4      0.0      0.0   82.842  4 10  0
   124   5944.6   30.000      0.0      0.0      0.0      0.0      0.0  2.000E4      0.0      0.0   84.000  4 11  0
   125   5974.6   30.000      0.0      0.0      0.0      0.0      0.0  2.000E4      0.0      0.0   85.153  5 12  0
   126   6034.6   60.000      0.0      0.0      0.0      0.0      0.0  2.000E4      0.0      0.0   87.444 13 14  0
   127   6094.6   60.000      0.0      0.0      0.0      0.0      0.0  2.000E4      0.0      0.0   89.721 15 17  0
   128   6154.6   60.000      0.0      0.0      0.0      0.0      0.0  2.000E4      0.0      0.0   91.984 14 20  0
   129   6214.6   60.000      0.0      0.0      0.0      0.0      0.0  2.000E4      0.0      0.0   94.232  6 22  0
   130   6274.6   60.000      0.0      0.0      0.0      0.0      0.0  2.000E4      0.0      0.0   96.466 13 23  0
   131   6334.6   60.000      0.0      0.0      0.0      0.0      0.0  2.000E4      0.0      0.0   98.683  5 24  0
   132   6394.6   60.000      0.0      0.0      0.0      0.0      0.0  2.000E4      0.0      0.0  100.883  4 19  0
   133   6454.6   60.000      0.0      0.0      0.0      0.0      0.0  2.000E4      0.0      0.0  103.069  5 20  0
   134   6514.6   60.000      0.0      0.0      0.0      0.0      0.0  2.000E4      0.0      0.0  105.244  4 20  0
   135   6574.6   60.000      0.0      0.0      0.0      0.0      0.0  2.000E4      0.0      0.0  107.408  6 16  0
   136   6634.6   60.000      0.0      0.0      0.0      0.0      0.0  2.000E4      0.0      0.0  109.560  5 20  0
   137   6694.6   60.000      0.0      0.0      0.0      0.0      0.0  2.000E4      0.0      0.0  111.701  4 22  0
   138   6754.6   60.000      0.0      0.0      0.0      0.0      0.0  2.000E4      0.0      0.0  113.830  4 23  0
   139   6814.6   60.000      0.0      0.0      0.0      0.0      0.0  2.000E4      0.0      0.0  115.946  6 25  0
   140   6874.6   60.000      0.0      0.0      0.0      0.0      0.0  2.000E4      0.0      0.0  118.051  4 29  0
Step   time     tstep    fopt     fopr     fwpr     fgspr    fwir     fgsir    fwct     fgsor    fpav     NL LI Ch
       days     days     ksm3     sm3/d    sm3/d    ksm3/d   sm3/d    ksm3/d            ksm3/sm3 Bar
------ -------- -------- -------- -------- -------- -------- -------- -------- -------- -------- -------- -- -- --
   141   6934.6   60.000      0.0      0.0      0.0      0.0      0.0  2.000E4      0.0      0.0  120.145 13 26  0
   142   6994.6   60.000      0.0      0.0      0.0      0.0      0.0  2.000E4      0.0      0.0  122.228  5 30  0
   143   7054.6   60.000      0.0      0.0      0.0      0.0      0.0  2.000E4      0.0      0.0  124.301  4 30  0
   144   7114.6   60.000      0.0      0.0      0.0      0.0      0.0  2.000E4      0.0      0.0  126.362  6 30  0
   145   7174.6   60.000      0.0      0.0      0.0      0.0      0.0  2.000E4      0.0      0.0  128.414  5 31  0
   146   7204.6   30.000      0.0      0.0      0.0      0.0      0.0  2.000E4      0.0      0.0  129.436  4 19  1
   147   7234.6   30.000      0.0      0.0      0.0      0.0      0.0  2.000E4      0.0      0.0  130.455  4 22  0
   148   7264.6   30.000      0.0      0.0      0.0      0.0      0.0  2.000E4      0.0      0.0  131.471 13 17  0
   149   7294.6   30.000      0.0      0.0      0.0      0.0      0.0  2.000E4      0.0      0.0  132.484  3 22  0
   150   7305.0   10.400      0.0      0.0      0.0      0.0      0.0  2.000E4      0.0      0.0  132.835  3  8  0
   151   7335.0   30.000      0.0      0.0      0.0      0.0      0.0  2.000E4      0.0      0.0  133.844  4 22  0
   152   7395.0   60.000      0.0      0.0      0.0      0.0      0.0  2.000E4      0.0      0.0  135.852 13 30  0
   153   7455.0   60.000      0.0      0.0      0.0      0.0      0.0  2.000E4      0.0      0.0  137.848 14 23  0
   154   7515.0   60.000      0.0      0.0      0.0      0.0      0.0  2.000E4      0.0      0.0  139.833 14 21  0
   155   7575.0   60.000      0.0      0.0      0.0      0.0      0.0  2.000E4      0.0      0.0  141.807 13 31  0
   156   7605.0   30.000      0.0      0.0      0.0      0.0      0.0  2.000E4      0.0      0.0  142.791  4 20  1
   157   7635.0   30.000      0.0      0.0      0.0      0.0      0.0  2.000E4      0.0      0.0  143.773  6 16  0
   158   7665.0   30.000      0.0      0.0      0.0      0.0      0.0  2.000E4      0.0      0.0  144.753  5 17  0
   159   7695.0   30.000      0.0      0.0      0.0      0.0      0.0  2.000E4      0.0      0.0  145.732  5 13  0
   160   7725.0   30.000      0.0      0.0      0.0      0.0      0.0  2.000E4      0.0      0.0  146.708  5 13  0
Step   time     tstep    fopt     fopr     fwpr     fgspr    fwir     fgsir    fwct     fgsor    fpav     NL LI Ch
       days     days     ksm3     sm3/d    sm3/d    ksm3/d   sm3/d    ksm3/d            ksm3/sm3 Bar
------ -------- -------- -------- -------- -------- -------- -------- -------- -------- -------- -------- -- -- --
   161   7755.0   30.000      0.0      0.0      0.0      0.0      0.0  2.000E4      0.0      0.0  147.684  4 13  0
   162   7815.0   60.000      0.0      0.0      0.0      0.0      0.0  2.000E4      0.0      0.0  149.627  5 28  0
   163   7875.0   60.000      0.0      0.0      0.0      0.0      0.0  2.000E4      0.0      0.0  151.563 15 28  0
   164   7935.0   60.000      0.0      0.0      0.0      0.0      0.0  2.000E4      0.0      0.0  153.492 14 33  0
   165   7950.0   15.000      0.0      0.0      0.0      0.0      0.0  2.000E4      0.0      0.0  153.974  3 10  2
   166   7965.0   15.000      0.0      0.0      0.0      0.0      0.0  2.000E4      0.0      0.0  154.455  3 11  0
   167   7980.0   15.000      0.0      0.0      0.0      0.0      0.0  2.000E4      0.0      0.0  154.935  3 10  0
   168   7995.0   15.000      0.0      0.0      0.0      0.0      0.0  2.000E4      0.0      0.0  155.415  3  9  0
   169   8010.0   15.000      0.0      0.0      0.0      0.0      0.0  2.000E4      0.0      0.0  155.895  6 10  0
   170   8025.0   15.000      0.0      0.0      0.0      0.0      0.0  2.000E4      0.0      0.0  156.374  3 11  0
   171   8055.0   30.000      0.0      0.0      0.0      0.0      0.0  2.000E4      0.0      0.0  157.330 12 12  0
   172   8085.0   30.000      0.0      0.0      0.0      0.0      0.0  2.000E4      0.0      0.0  158.285 12 14  0
   173   8115.0   30.000      0.0      0.0      0.0      0.0      0.0  2.000E4      0.0      0.0  159.238  4 17  0
   174   8175.0   60.000      0.0      0.0      0.0      0.0      0.0  2.000E4      0.0      0.0  161.140  5 28  0
   175   8235.0   60.000      0.0      0.0      0.0      0.0      0.0  2.000E4      0.0      0.0  163.035  6 28  0
   176   8295.0   60.000      0.0      0.0      0.0      0.0      0.0  2.000E4      0.0      0.0  164.929  6 32  0
   177   8355.0   60.000      0.0      0.0      0.0      0.0      0.0  2.000E4      0.0      0.0  166.827  6 33  0
   178   8415.0   60.000      0.0      0.0      0.0      0.0      0.0  2.000E4      0.0      0.0  168.741  5 33  0
   179   8475.0   60.000      0.0      0.0      0.0      0.0      0.0  2.000E4      0.0      0.0  170.674  4 32  0
   180   8505.0   30.000      0.0      0.0      0.0      0.0      0.0  2.000E4      0.0      0.0  171.648 15 18  1
Step   time     tstep    fopt     fopr     fwpr     fgspr    fwir     fgsir    fwct     fgsor    fpav     NL LI Ch
       days     days     ksm3     sm3/d    sm3/d    ksm3/d   sm3/d    ksm3/d            ksm3/sm3 Bar
------ -------- -------- -------- -------- -------- -------- -------- -------- -------- -------- -------- -- -- --
   181   8535.0   30.000      0.0      0.0      0.0      0.0      0.0  2.000E4      0.0      0.0  172.630 14 19  0
   182   8565.0   30.000      0.0      0.0      0.0      0.0      0.0  2.000E4      0.0      0.0  173.620 13 19  0
   183   8595.0   30.000      0.0      0.0      0.0      0.0      0.0  2.000E4      0.0      0.0  174.618  6 22  0
   184   8625.0   30.000      0.0      0.0      0.0      0.0      0.0  2.000E4      0.0      0.0  175.621 13 16  0
   185   8655.0   30.000      0.0      0.0      0.0      0.0      0.0  2.000E4      0.0      0.0  176.622  3 22  0
   186   8715.0   60.000      0.0      0.0      0.0      0.0      0.0  2.000E4      0.0      0.0  178.619  5 32  0
   187   8775.0   60.000      0.0      0.0      0.0      0.0      0.0  2.000E4      0.0      0.0  180.615  5 31  0
   188   8835.0   60.000      0.0      0.0      0.0      0.0      0.0  2.000E4      0.0      0.0  182.619  5 34  0
   189   8865.0   30.000      0.0      0.0      0.0      0.0      0.0  2.000E4      0.0      0.0  183.626  4 18  1
   190   8895.0   30.000      0.0      0.0      0.0      0.0      0.0  2.000E4      0.0      0.0  184.636  6 16  0
   191   8925.0   30.000      0.0      0.0      0.0      0.0      0.0  2.000E4      0.0      0.0  185.653  4 16  0
   192   8955.0   30.000      0.0      0.0      0.0      0.0      0.0  2.000E4      0.0      0.0  186.676  4 15  0
   193   8985.0   30.000      0.0      0.0      0.0      0.0      0.0  2.000E4      0.0      0.0  187.704  7 24  0
   194   9015.0   30.000      0.0      0.0      0.0      0.0      0.0  2.000E4      0.0      0.0  188.737  4 21  0
   195   9075.0   60.000      0.0      0.0      0.0      0.0      0.0  2.000E4      0.0      0.0  190.798 14 27  0
   196   9131.0   56.000      0.0      0.0      0.0      0.0      0.0  2.000E4      0.0      0.0  192.716  6 23  0
   197   9191.0   60.000      0.0      0.0      0.0      0.0      0.0  2.000E4      0.0      0.0  194.766  4 30  0
   198   9251.0   60.000      0.0      0.0      0.0      0.0      0.0  2.000E4      0.0      0.0  196.813  5 25  0
   199   9311.0   60.000      0.0      0.0      0.0      0.0      0.0  2.000E4      0.0      0.0  198.855  5 27  0
   200   9341.0   30.000      0.0      0.0      0.0      0.0      0.0  2.000E4      0.0      0.0  199.875  3 17  1
Step   time     tstep    fopt     fopr     fwpr     fgspr    fwir     fgsir    fwct     fgsor    fpav     NL LI Ch
       days     days     ksm3     sm3/d    sm3/d    ksm3/d   sm3/d    ksm3/d            ksm3/sm3 Bar
------ -------- -------- -------- -------- -------- -------- -------- -------- -------- -------- -------- -- -- --
   201   9371.0   30.000      0.0      0.0      0.0      0.0      0.0  2.000E4      0.0      0.0  200.894  3 17  0
   202   9401.0   30.000      0.0      0.0      0.0      0.0      0.0  2.000E4      0.0      0.0  201.912 13 14  0
   203   9431.0   30.000      0.0      0.0      0.0      0.0      0.0  2.000E4      0.0      0.0  202.930  4 13  0
   204   9461.0   30.000      0.0      0.0      0.0      0.0      0.0  2.000E4      0.0      0.0  203.947  4 15  0
   205   9491.0   30.000      0.0      0.0      0.0      0.0      0.0  2.000E4      0.0      0.0  204.964  4 15  0
   206   9551.0   60.000      0.0      0.0      0.0      0.0      0.0  2.000E4      0.0      0.0  206.996 13 19  0
   207   9581.0   30.000      0.0      0.0      0.0      0.0      0.0  2.000E4      0.0      0.0  208.012  4 21  1
   208   9611.0   30.000      0.0      0.0      0.0      0.0      0.0  2.000E4      0.0      0.0  209.027 13 17  0
   209   9641.0   30.000      0.0      0.0      0.0      0.0      0.0  2.000E4      0.0      0.0  210.042 13 21  0
   210   9671.0   30.000      0.0      0.0      0.0      0.0      0.0  2.000E4      0.0      0.0  211.058 15 18  0
   211   9701.0   30.000      0.0      0.0      0.0      0.0      0.0  2.000E4      0.0      0.0  212.074  6 17  0
   212   9731.0   30.000      0.0      0.0      0.0      0.0      0.0  2.000E4      0.0      0.0  213.090  4 22  0
   213   9761.0   30.000      0.0      0.0      0.0      0.0      0.0  2.000E4      0.0      0.0  214.107 13 19  1
   214   9776.0   15.000      0.0      0.0      0.0      0.0      0.0  2.000E4      0.0      0.0  214.616 13  7  1
   215   9791.0   15.000      0.0      0.0      0.0      0.0      0.0  2.000E4      0.0      0.0  215.125  3 11  0
   216   9806.0   15.000      0.0      0.0      0.0      0.0      0.0  2.000E4      0.0      0.0  215.635  3 10  0
   217   9821.0   15.000      0.0      0.0      0.0      0.0      0.0  2.000E4      0.0      0.0  216.146  3  9  0
   218   9836.0   15.000      0.0      0.0      0.0      0.0      0.0  2.000E4      0.0      0.0  216.657  3  8  0
   219   9851.0   15.000      0.0      0.0      0.0      0.0      0.0  2.000E4      0.0      0.0  217.170  4  9  0
   220   9881.0   30.000      0.0      0.0      0.0      0.0      0.0  2.000E4      0.0      0.0  218.199 13 18  0
Step   time     tstep    fopt     fopr     fwpr     fgspr    fwir     fgsir    fwct     fgsor    fpav     NL LI Ch
       days     days     ksm3     sm3/d    sm3/d    ksm3/d   sm3/d    ksm3/d            ksm3/sm3 Bar
------ -------- -------- -------- -------- -------- -------- -------- -------- -------- -------- -------- -- -- --
   221   9911.0   30.000      0.0      0.0      0.0      0.0      0.0  2.000E4      0.0      0.0  219.234  5 22  0
   222   9971.0   60.000      0.0      0.0      0.0      0.0      0.0  2.000E4      0.0      0.0  221.325 15 17  0
   223  10031.0   60.000      0.0      0.0      0.0      0.0      0.0  2.000E4      0.0      0.0  223.440 13 18  0
   224  10091.0   60.000      0.0      0.0      0.0      0.0      0.0  2.000E4      0.0      0.0  225.564  8 19  0
   225  10121.0   30.000      0.0      0.0      0.0      0.0      0.0  2.000E4      0.0      0.0  226.626  4 16  1
   226  10151.0   30.000      0.0      0.0      0.0      0.0      0.0  2.000E4      0.0      0.0  227.689  4 17  0
   227  10181.0   30.000      0.0      0.0      0.0      0.0      0.0  2.000E4      0.0      0.0  228.753  4 16  0
   228  10211.0   30.000      0.0      0.0      0.0      0.0      0.0  2.000E4      0.0      0.0  229.818  4 17  0
   229  10241.0   30.000      0.0      0.0      0.0      0.0      0.0  2.000E4      0.0      0.0  230.883 13 16  0
   230  10271.0   30.000      0.0      0.0      0.0      0.0      0.0  2.000E4      0.0      0.0  231.950  5 17  0
   231  10331.0   60.000      0.0      0.0      0.0      0.0      0.0  2.000E4      0.0      0.0  234.086 13 19  0
   232  10391.0   60.000      0.0      0.0      0.0      0.0      0.0  2.000E4      0.0      0.0  236.227 13 20  0
   233  10451.0   60.000      0.0      0.0      0.0      0.0      0.0  2.000E4      0.0      0.0  238.373  5 20  0
   234  10511.0   60.000      0.0      0.0      0.0      0.0      0.0  2.000E4      0.0      0.0  240.524  5 21  0
   235  10571.0   60.000      0.0      0.0      0.0      0.0      0.0  1.995E4      0.0      0.0  242.678  5 19  0
   236  10631.0   60.000      0.0      0.0      0.0      0.0      0.0  1.990E4      0.0      0.0  244.832 13 17  0
   237  10646.0   15.000      0.0      0.0      0.0      0.0      0.0  1.989E4      0.0      0.0  245.371  6  7  2
   238  10661.0   15.000      0.0      0.0      0.0      0.0      0.0  1.988E4      0.0      0.0  245.911  3 10  0
   239  10676.0   15.000      0.0      0.0      0.0      0.0      0.0  1.986E4      0.0      0.0  246.450  3 11  0
   240  10683.5    7.500      0.0      0.0      0.0      0.0      0.0  1.986E4      0.0      0.0  246.721  3  8  1
Step   time     tstep    fopt     fopr     fwpr     fgspr    fwir     fgsir    fwct     fgsor    fpav     NL LI Ch
       days     days     ksm3     sm3/d    sm3/d    ksm3/d   sm3/d    ksm3/d            ksm3/sm3 Bar
------ -------- -------- -------- -------- -------- -------- -------- -------- -------- -------- -------- -- -- --
   241  10691.0    7.500      0.0      0.0      0.0      0.0      0.0  1.985E4      0.0      0.0  246.991  3  7  0
   242  10698.5    7.500      0.0      0.0      0.0      0.0      0.0  1.984E4      0.0      0.0  247.261  3  7  0
   243  10706.0    7.500      0.0      0.0      0.0      0.0      0.0  1.984E4      0.0      0.0  247.531  3  8  0
   244  10713.5    7.500      0.0      0.0      0.0      0.0      0.0  1.983E4      0.0      0.0  247.802  3  7  0
   245  10721.0    7.500      0.0      0.0      0.0      0.0      0.0  1.983E4      0.0      0.0  248.072  3  7  0
   246  10736.0   15.000      0.0      0.0      0.0      0.0      0.0  1.981E4      0.0      0.0  248.613  4  8  0
   247  10766.0   30.000      0.0      0.0      0.0      0.0      0.0  1.979E4      0.0      0.0  249.696  3 13  0
   248  10826.0   60.000      0.0      0.0      0.0      0.0      0.0  1.974E4      0.0      0.0  251.865  5 23  0
   249  10886.0   60.000      0.0      0.0      0.0      0.0      0.0  1.969E4      0.0      0.0  254.053  5 20  0
   250  10946.0   60.000      0.0      0.0      0.0      0.0      0.0  1.964E4      0.0      0.0  256.266  6 20  0
   251  10957.0   11.000      0.0      0.0      0.0      0.0      0.0  1.963E4      0.0      0.0  256.675  3  9  0
   252  10987.0   30.000      0.0      0.0      0.0      0.0      0.0      0.0      0.0      0.0  257.011  5 18  1
   253  11017.0   30.000      0.0      0.0      0.0      0.0      0.0      0.0      0.0      0.0  257.157 14 17  0
   254  11047.0   30.000      0.0      0.0      0.0      0.0      0.0      0.0      0.0      0.0  257.220 13 16  0
   255  11077.0   30.000      0.0      0.0      0.0      0.0      0.0      0.0      0.0      0.0  257.249  8 21  0
   256  11107.0   30.000      0.0      0.0      0.0      0.0      0.0      0.0      0.0      0.0  257.263 13 16  0
   257  11137.0   30.000      0.0      0.0      0.0      0.0      0.0      0.0      0.0      0.0  257.270 13 14  0
   258  11167.0   30.000      0.0      0.0      0.0      0.0      0.0      0.0      0.0      0.0  257.274 13 11  0
   259  11197.0   30.000      0.0      0.0      0.0      0.0      0.0      0.0      0.0      0.0  257.277  4 13  0
   260  11227.0   30.000      0.0      0.0      0.0      0.0      0.0      0.0      0.0      0.0  257.278  3 13  1
Step   time     tstep    fopt     fopr     fwpr     fgspr    fwir     fgsir    fwct     fgsor    fpav     NL LI Ch
       days     days     ksm3     sm3/d    sm3/d    ksm3/d   sm3/d    ksm3/d            ksm3/sm3 Bar
------ -------- -------- -------- -------- -------- -------- -------- -------- -------- -------- -------- -- -- --
   261  11257.0   30.000      0.0      0.0      0.0      0.0      0.0      0.0      0.0      0.0  257.277 13 11  0
   262  11287.0   30.000      0.0      0.0      0.0      0.0      0.0      0.0      0.0      0.0  257.276 13 13  0
   263  11317.0   30.000      0.0      0.0      0.0      0.0      0.0      0.0      0.0      0.0  257.275 13 11  0
   264  11347.0   30.000      0.0      0.0      0.0      0.0      0.0      0.0      0.0      0.0  257.274  5 14  0
   265  11377.0   30.000      0.0      0.0      0.0      0.0      0.0      0.0      0.0      0.0  257.272  5 13  0
   266  11437.0   60.000      0.0      0.0      0.0      0.0      0.0      0.0      0.0      0.0  257.268  7 18  0
   267  11485.0   48.000      0.0      0.0      0.0      0.0      0.0      0.0      0.0      0.0  257.265  5 19  1
   268  11533.0   48.000      0.0      0.0      0.0      0.0      0.0      0.0      0.0      0.0  257.261  6 15  0
   269  11581.0   48.000      0.0      0.0      0.0      0.0      0.0      0.0      0.0      0.0  257.258  7 19  0
   270  11629.0   48.000      0.0      0.0      0.0      0.0      0.0      0.0      0.0      0.0  257.254  8 16  0
   271  11677.0   48.000      0.0      0.0      0.0      0.0      0.0      0.0      0.0      0.0  257.250  5 17  0
   272  11725.0   48.000      0.0      0.0      0.0      0.0      0.0      0.0      0.0      0.0  257.247 14 18  0
   273  11749.0   24.000      0.0      0.0      0.0      0.0      0.0      0.0      0.0      0.0  257.245  3 14  1
   274  11773.0   24.000      0.0      0.0      0.0      0.0      0.0      0.0      0.0      0.0  257.243  3 12  0
   275  11797.0   24.000      0.0      0.0      0.0      0.0      0.0      0.0      0.0      0.0  257.242  4 10  0
   276  11821.0   24.000      0.0      0.0      0.0      0.0      0.0      0.0      0.0      0.0  257.240  6  8  0
   277  11845.0   24.000      0.0      0.0      0.0      0.0      0.0      0.0      0.0      0.0  257.238  4  9  0
   278  11869.0   24.000      0.0      0.0      0.0      0.0      0.0      0.0      0.0      0.0  257.237  4  9  0
   279  11917.0   48.000      0.0      0.0      0.0      0.0      0.0      0.0      0.0      0.0  257.234 14 14  0
   280  11965.0   48.000      0.0      0.0      0.0      0.0      0.0      0.0      0.0      0.0  257.231 15 14  0
Step   time     tstep    fopt     fopr     fwpr     fgspr    fwir     fgsir    fwct     fgsor    fpav     NL LI Ch
       days     days     ksm3     sm3/d    sm3/d    ksm3/d   sm3/d    ksm3/d            ksm3/sm3 Bar
------ -------- -------- -------- -------- -------- -------- -------- -------- -------- -------- -------- -- -- --
   281  11989.0   24.000      0.0      0.0      0.0      0.0      0.0      0.0      0.0      0.0  257.230  3  9  1
   282  12013.0   24.000      0.0      0.0      0.0      0.0      0.0      0.0      0.0      0.0  257.228  3  9  0
   283  12037.0   24.000      0.0      0.0      0.0      0.0      0.0      0.0      0.0      0.0  257.227  3  8  0
   284  12061.0   24.000      0.0      0.0      0.0      0.0      0.0      0.0      0.0      0.0  257.226  3  9  0
   285  12085.0   24.000      0.0      0.0      0.0      0.0      0.0      0.0      0.0      0.0  257.224  3 11  0
   286  12109.0   24.000      0.0      0.0      0.0      0.0      0.0      0.0      0.0      0.0  257.223  3 11  0
   287  12157.0   48.000      0.0      0.0      0.0      0.0      0.0      0.0      0.0      0.0  257.221  9 19  0
   288  12214.6   57.600      0.0      0.0      0.0      0.0      0.0      0.0      0.0      0.0  257.218 13 23  0
   289  12272.2   57.600      0.0      0.0      0.0      0.0      0.0      0.0      0.0      0.0  257.215 13 23  0
   290  12329.8   57.600      0.0      0.0      0.0      0.0      0.0      0.0      0.0      0.0  257.213  4 19  0
   291  12387.4   57.600      0.0      0.0      0.0      0.0      0.0      0.0      0.0      0.0  257.210  4 17  1
   292  12445.0   57.600      0.0      0.0      0.0      0.0      0.0      0.0      0.0      0.0  257.207  9 17  0
   293  12502.6   57.600      0.0      0.0      0.0      0.0      0.0      0.0      0.0      0.0  257.203  4 17  0
   294  12560.2   57.600      0.0      0.0      0.0      0.0      0.0      0.0      0.0      0.0  257.200  5 17  0
   295  12617.8   57.600      0.0      0.0      0.0      0.0      0.0      0.0      0.0      0.0  257.197  3 20  0
   296  12646.6   28.800      0.0      0.0      0.0      0.0      0.0      0.0      0.0      0.0  257.195  5  7  1
   297  12661.0   14.400      0.0      0.0      0.0      0.0      0.0      0.0      0.0      0.0  257.194  3 12  1
   298  12675.4   14.400      0.0      0.0      0.0      0.0      0.0      0.0      0.0      0.0  257.193  4 14  0
   299  12689.8   14.400      0.0      0.0      0.0      0.0      0.0      0.0      0.0      0.0  257.193  5 14  0
   300  12704.2   14.400      0.0      0.0      0.0      0.0      0.0      0.0      0.0      0.0  257.192  4 13  0
Step   time     tstep    fopt     fopr     fwpr     fgspr    fwir     fgsir    fwct     fgsor    fpav     NL LI Ch
       days     days     ksm3     sm3/d    sm3/d    ksm3/d   sm3/d    ksm3/d            ksm3/sm3 Bar
------ -------- -------- -------- -------- -------- -------- -------- -------- -------- -------- -------- -- -- --
   301  12718.6   14.400      0.0      0.0      0.0      0.0      0.0      0.0      0.0      0.0  257.191  3 13  0
   302  12733.0   14.400      0.0      0.0      0.0      0.0      0.0      0.0      0.0      0.0  257.191  3 12  0
   303  12761.8   28.800      0.0      0.0      0.0      0.0      0.0      0.0      0.0      0.0  257.189 14 11  0
   304  12784.0   22.200      0.0      0.0      0.0      0.0      0.0      0.0      0.0      0.0  257.189 14 10  0
   305  12812.8   28.800      0.0      0.0      0.0      0.0      0.0      0.0      0.0      0.0  257.187 14 10  0
   306  12841.6   28.800      0.0      0.0      0.0      0.0      0.0      0.0      0.0      0.0  257.186  6  9  0
   307  12893.4   51.840      0.0      0.0      0.0      0.0      0.0      0.0      0.0      0.0  257.183  6 14  0
   308  12940.1   46.656      0.0      0.0      0.0      0.0      0.0      0.0      0.0      0.0  257.180  7 10  1
   309  12986.8   46.656      0.0      0.0      0.0      0.0      0.0      0.0      0.0      0.0  257.177 15 10  0
   310  13033.4   46.656      0.0      0.0      0.0      0.0      0.0      0.0      0.0      0.0  257.175 14 10  0
   311  13080.1   46.656      0.0      0.0      0.0      0.0      0.0      0.0      0.0      0.0  257.172 13 11  0
   312  13126.7   46.656      0.0      0.0      0.0      0.0      0.0      0.0      0.0      0.0  257.169 13 11  0
   313  13173.4   46.656      0.0      0.0      0.0      0.0      0.0      0.0      0.0      0.0  257.167  5 10  0
   314  13220.0   46.656      0.0      0.0      0.0      0.0      0.0      0.0      0.0      0.0  257.165 13 12  1
   315  13266.7   46.656      0.0      0.0      0.0      0.0      0.0      0.0      0.0      0.0  257.163 13 13  0
   316  13313.3   46.656      0.0      0.0      0.0      0.0      0.0      0.0      0.0      0.0  257.161  6 12  0
   317  13360.0   46.656      0.0      0.0      0.0      0.0      0.0      0.0      0.0      0.0  257.159  3 11  0
   318  13406.7   46.656      0.0      0.0      0.0      0.0      0.0      0.0      0.0      0.0  257.156  3 12  0
   319  13453.3   46.656      0.0      0.0      0.0      0.0      0.0      0.0      0.0      0.0  257.154  3 11  0
   320  13546.6   93.312      0.0      0.0      0.0      0.0      0.0      0.0      0.0      0.0  257.150  8 22  0
Step   time     tstep    fopt     fopr     fwpr     fgspr    fwir     fgsir    fwct     fgsor    fpav     NL LI Ch
       days     days     ksm3     sm3/d    sm3/d    ksm3/d   sm3/d    ksm3/d            ksm3/sm3 Bar
------ -------- -------- -------- -------- -------- -------- -------- -------- -------- -------- -------- -- -- --
   321  13666.6  120.000      0.0      0.0      0.0      0.0      0.0      0.0      0.0      0.0  257.145 14 38  0
   322  13726.6   60.000      0.0      0.0      0.0      0.0      0.0      0.0      0.0      0.0  257.142  3 18  1
   323  13786.6   60.000      0.0      0.0      0.0      0.0      0.0      0.0      0.0      0.0  257.140  4 14  0
   324  13846.6   60.000      0.0      0.0      0.0      0.0      0.0      0.0      0.0      0.0  257.138  3 15  0
   325  13906.6   60.000      0.0      0.0      0.0      0.0      0.0      0.0      0.0      0.0  257.136  3 14  0
   326  13966.6   60.000      0.0      0.0      0.0      0.0      0.0      0.0      0.0      0.0  257.134  3 13  0
   327  14026.6   60.000      0.0      0.0      0.0      0.0      0.0      0.0      0.0      0.0  257.132  3 14  0
   328  14146.6  120.000      0.0      0.0      0.0      0.0      0.0      0.0      0.0      0.0  257.128  5 33  0
   329  14266.6  120.000      0.0      0.0      0.0      0.0      0.0      0.0      0.0      0.0  257.124  4 28  0
   330  14386.6  120.000      0.0      0.0      0.0      0.0      0.0      0.0      0.0      0.0  257.120  4 27  0
   331  14506.6  120.000      0.0      0.0      0.0      0.0      0.0      0.0      0.0      0.0  257.116  4 28  0
   332  14610.0  103.376      0.0      0.0      0.0      0.0      0.0      0.0      0.0      0.0  257.112  4 27  0
   333  14730.0  120.000      0.0      0.0      0.0      0.0      0.0      0.0      0.0      0.0  257.108 15 32  0
   334  14850.0  120.000      0.0      0.0      0.0      0.0      0.0      0.0      0.0      0.0  257.105 14 33  0
   335  14970.0  120.000      0.0      0.0      0.0      0.0      0.0      0.0      0.0      0.0  257.101  5 37  0
   336  15090.0  120.000      0.0      0.0      0.0      0.0      0.0      0.0      0.0      0.0  257.098  6 32  0
   337  15210.0  120.000      0.0      0.0      0.0      0.0      0.0      0.0      0.0      0.0  257.094  4 27  0
   338  15330.0  120.000      0.0      0.0      0.0      0.0      0.0      0.0      0.0      0.0  257.091  4 30  0
   339  15450.0  120.000      0.0      0.0      0.0      0.0      0.0      0.0      0.0      0.0  257.088  3 32  0
   340  15570.0  120.000      0.0      0.0      0.0      0.0      0.0      0.0      0.0      0.0  257.085  4 32  0
Step   time     tstep    fopt     fopr     fwpr     fgspr    fwir     fgsir    fwct     fgsor    fpav     NL LI Ch
       days     days     ksm3     sm3/d    sm3/d    ksm3/d   sm3/d    ksm3/d            ksm3/sm3 Bar
------ -------- -------- -------- -------- -------- -------- -------- -------- -------- -------- -------- -- -- --
   341  15690.0  120.000      0.0      0.0      0.0      0.0      0.0      0.0      0.0      0.0  257.082  6 30  0
   342  15810.0  120.000      0.0      0.0      0.0      0.0      0.0      0.0      0.0      0.0  257.078  5 25  0
   343  15930.0  120.000      0.0      0.0      0.0      0.0      0.0      0.0      0.0      0.0  257.075  8 22  0
   344  16050.0  120.000      0.0      0.0      0.0      0.0      0.0      0.0      0.0      0.0  257.072  5 23  0
   345  16110.0   60.000      0.0      0.0      0.0      0.0      0.0      0.0      0.0      0.0  257.070  7 17  1
   346  16170.0   60.000      0.0      0.0      0.0      0.0      0.0      0.0      0.0      0.0  257.068  6 18  0
   347  16230.0   60.000      0.0      0.0      0.0      0.0      0.0      0.0      0.0      0.0  257.067 15 14  0
   348  16290.0   60.000      0.0      0.0      0.0      0.0      0.0      0.0      0.0      0.0  257.065 11 13  0
   349  16350.0   60.000      0.0      0.0      0.0      0.0      0.0      0.0      0.0      0.0  257.063  7 14  0
   350  16410.0   60.000      0.0      0.0      0.0      0.0      0.0      0.0      0.0      0.0  257.061  3 17  0
   351  16436.0   26.000      0.0      0.0      0.0      0.0      0.0      0.0      0.0      0.0  257.061  2  9  0
   352  16556.0  120.000      0.0      0.0      0.0      0.0      0.0      0.0      0.0      0.0  257.057  3 23  0
   353  16616.0   60.000      0.0      0.0      0.0      0.0      0.0      0.0      0.0      0.0  257.055  3 19  1
   354  16676.0   60.000      0.0      0.0      0.0      0.0      0.0      0.0      0.0      0.0  257.054  3 19  0
   355  16736.0   60.000      0.0      0.0      0.0      0.0      0.0      0.0      0.0      0.0  257.052  3 17  0
   356  16796.0   60.000      0.0      0.0      0.0      0.0      0.0      0.0      0.0      0.0  257.050  6 13  0
   357  16856.0   60.000      0.0      0.0      0.0      0.0      0.0      0.0      0.0      0.0  257.049  6 13  0
   358  16916.0   60.000      0.0      0.0      0.0      0.0      0.0      0.0      0.0      0.0  257.047  4 13  0
   359  16976.0   60.000      0.0      0.0      0.0      0.0      0.0      0.0      0.0      0.0  257.045  4 14  1
   360  17036.0   60.000      0.0      0.0      0.0      0.0      0.0      0.0      0.0      0.0  257.044  3 14  0
Step   time     tstep    fopt     fopr     fwpr     fgspr    fwir     fgsir    fwct     fgsor    fpav     NL LI Ch
       days     days     ksm3     sm3/d    sm3/d    ksm3/d   sm3/d    ksm3/d            ksm3/sm3 Bar
------ -------- -------- -------- -------- -------- -------- -------- -------- -------- -------- -------- -- -- --
   361  17096.0   60.000      0.0      0.0      0.0      0.0      0.0      0.0      0.0      0.0  257.042  3 15  0
   362  17156.0   60.000      0.0      0.0      0.0      0.0      0.0      0.0      0.0      0.0  257.041  3 15  0
   363  17216.0   60.000      0.0      0.0      0.0      0.0      0.0      0.0      0.0      0.0  257.039  3 14  0
   364  17276.0   60.000      0.0      0.0      0.0      0.0      0.0      0.0      0.0      0.0  257.038  3 14  0
   365  17396.0  120.000      0.0      0.0      0.0      0.0      0.0      0.0      0.0      0.0  257.035  4 28  0
   366  17456.0   60.000      0.0      0.0      0.0      0.0      0.0      0.0      0.0      0.0  257.033  3 14  1
   367  17516.0   60.000      0.0      0.0      0.0      0.0      0.0      0.0      0.0      0.0  257.032  3 15  0
   368  17576.0   60.000      0.0      0.0      0.0      0.0      0.0      0.0      0.0      0.0  257.031  3 15  0
   369  17636.0   60.000      0.0      0.0      0.0      0.0      0.0      0.0      0.0      0.0  257.029  5 15  0
   370  17696.0   60.000      0.0      0.0      0.0      0.0      0.0      0.0      0.0      0.0  257.028  6 15  0
   371  17756.0   60.000      0.0      0.0      0.0      0.0      0.0      0.0      0.0      0.0  257.027  4 15  0
   372  17816.0   60.000      0.0      0.0      0.0      0.0      0.0      0.0      0.0      0.0  257.025  7 15  1
   373  17876.0   60.000      0.0      0.0      0.0      0.0      0.0      0.0      0.0      0.0  257.024  5 17  0
   374  17936.0   60.000      0.0      0.0      0.0      0.0      0.0      0.0      0.0      0.0  257.023  3 17  0
   375  17996.0   60.000      0.0      0.0      0.0      0.0      0.0      0.0      0.0      0.0  257.021  3 17  0
   376  18056.0   60.000      0.0      0.0      0.0      0.0      0.0      0.0      0.0      0.0  257.020  5 15  0
   377  18116.0   60.000      0.0      0.0      0.0      0.0      0.0      0.0      0.0      0.0  257.018  6 16  0
   378  18224.0  108.000      0.0      0.0      0.0      0.0      0.0      0.0      0.0      0.0  257.016  6 23  0
   379  18262.0   38.000      0.0      0.0      0.0      0.0      0.0      0.0      0.0      0.0  257.015  3  8  0
------ -------- -------- -------- -------- -------- -------- -------- -------- -------- -------- -------- -- -- --
Run completed, wall clock time =  7.5168E+03 s,  1.2528E+02 min
